2025-09-26 12:06:19,259 - INFO - === Démarrage du script FiveM Auto ===
2025-09-26 12:06:27,983 - INFO - Arrêt demandé par l'utilisateur
2025-09-26 12:06:27,983 - INFO - === Arrêt du script ===
2025-09-26 12:10:34,734 - INFO - === Démarrage du script FiveM Auto ===
2025-09-26 12:10:34,736 - INFO - Fenêtre FiveM non trouvée, lancement...
2025-09-26 12:10:34,736 - INFO - Lancement de FiveM: fivem://connect/cfx.re/join/aaex7k
2025-09-26 12:10:34,775 - INFO - FiveM lancé, attente de 3 minutes...
2025-09-26 12:10:39,777 - INFO - Fenêtre FiveM non trouvée, lancement...
2025-09-26 12:10:39,777 - INFO - Lancement de FiveM: fivem://connect/cfx.re/join/aaex7k
2025-09-26 12:10:39,787 - INFO - FiveM lancé, attente de 3 minutes...
2025-09-26 12:10:44,788 - INFO - Fenêtre FiveM non trouvée, lancement...
2025-09-26 12:10:44,788 - INFO - Lancement de FiveM: fivem://connect/cfx.re/join/aaex7k
2025-09-26 12:10:44,797 - INFO - FiveM lancé, attente de 3 minutes...
2025-09-26 12:10:49,799 - INFO - Fenêtre FiveM non trouvée, lancement...
2025-09-26 12:10:49,799 - INFO - Lancement de FiveM: fivem://connect/cfx.re/join/aaex7k
2025-09-26 12:10:49,809 - INFO - FiveM lancé, attente de 3 minutes...
2025-09-26 12:10:54,810 - INFO - Fenêtre FiveM non trouvée, lancement...
2025-09-26 12:10:54,811 - INFO - Lancement de FiveM: fivem://connect/cfx.re/join/aaex7k
2025-09-26 12:10:54,820 - INFO - FiveM lancé, attente de 3 minutes...
2025-09-26 12:10:59,823 - INFO - Fenêtre FiveM non trouvée, lancement...
2025-09-26 12:10:59,823 - INFO - Lancement de FiveM: fivem://connect/cfx.re/join/aaex7k
2025-09-26 12:10:59,836 - INFO - FiveM lancé, attente de 3 minutes...
2025-09-26 12:11:04,837 - INFO - Fenêtre FiveM non trouvée, lancement...
2025-09-26 12:11:04,838 - INFO - Lancement de FiveM: fivem://connect/cfx.re/join/aaex7k
2025-09-26 12:11:04,847 - INFO - FiveM lancé, attente de 3 minutes...
2025-09-26 12:11:09,849 - INFO - Fenêtre FiveM non trouvée, lancement...
2025-09-26 12:11:09,850 - INFO - Lancement de FiveM: fivem://connect/cfx.re/join/aaex7k
2025-09-26 12:11:09,860 - INFO - FiveM lancé, attente de 3 minutes...
2025-09-26 12:11:14,861 - INFO - Fenêtre FiveM non trouvée, lancement...
2025-09-26 12:11:14,862 - INFO - Lancement de FiveM: fivem://connect/cfx.re/join/aaex7k
2025-09-26 12:11:14,871 - INFO - FiveM lancé, attente de 3 minutes...
2025-09-26 12:11:19,873 - INFO - Fenêtre FiveM non trouvée, lancement...
2025-09-26 12:11:19,873 - INFO - Lancement de FiveM: fivem://connect/cfx.re/join/aaex7k
2025-09-26 12:11:19,882 - INFO - FiveM lancé, attente de 3 minutes...
2025-09-26 12:11:24,885 - INFO - Fenêtre FiveM non trouvée, lancement...
2025-09-26 12:11:24,885 - INFO - Lancement de FiveM: fivem://connect/cfx.re/join/aaex7k
2025-09-26 12:11:24,896 - INFO - FiveM lancé, attente de 3 minutes...
2025-09-26 12:11:26,437 - INFO - Arrêt demandé par l'utilisateur
2025-09-26 12:11:26,437 - INFO - === Arrêt du script ===
2025-09-26 12:20:29,230 - INFO - === Démarrage du script FiveM Auto ===
2025-09-26 12:20:29,232 - INFO - Fenêtre FiveM non trouvée, lancement...
2025-09-26 12:20:29,232 - INFO - Lancement de FiveM: fivem://connect/cfx.re/join/aaex7k
2025-09-26 12:20:29,286 - INFO - Raccourci créé: C:\Users\cleme\AppData\Local\Temp\fivem_storylife.lnk
2025-09-26 12:20:31,319 - INFO - Raccourci temporaire supprimé
2025-09-26 12:20:31,319 - INFO - FiveM lancé, attente de 3 minutes...
2025-09-26 12:20:36,322 - INFO - Fenêtre FiveM non trouvée, lancement...
2025-09-26 12:20:36,322 - INFO - Lancement de FiveM: fivem://connect/cfx.re/join/aaex7k
2025-09-26 12:20:36,325 - INFO - Raccourci créé: C:\Users\cleme\AppData\Local\Temp\fivem_storylife.lnk
2025-09-26 12:20:38,339 - INFO - Raccourci temporaire supprimé
2025-09-26 12:20:38,339 - INFO - FiveM lancé, attente de 3 minutes...
2025-09-26 12:20:43,205 - INFO - Arrêt demandé par l'utilisateur
2025-09-26 12:20:43,205 - INFO - === Arrêt du script ===
2025-09-26 12:22:11,516 - INFO - === Démarrage du script FiveM Auto ===
2025-09-26 12:22:11,524 - INFO - Fenêtre FiveM non trouvée, lancement...
2025-09-26 12:22:11,524 - INFO - Lancement de FiveM: fivem://connect/cfx.re/join/aaex7k
2025-09-26 12:22:11,679 - ERROR - Erreur lors du lancement via explorer: Command '['explorer', 'fivem://connect/cfx.re/join/aaex7k']' returned non-zero exit status 1.
2025-09-26 12:22:11,679 - ERROR - Échec du lancement, nouvelle tentative dans 10 secondes
2025-09-26 12:22:26,680 - INFO - Fenêtre FiveM non trouvée, lancement...
2025-09-26 12:22:26,680 - INFO - Lancement de FiveM: fivem://connect/cfx.re/join/aaex7k
2025-09-26 12:22:26,828 - ERROR - Erreur lors du lancement via explorer: Command '['explorer', 'fivem://connect/cfx.re/join/aaex7k']' returned non-zero exit status 1.
2025-09-26 12:22:26,828 - ERROR - Échec du lancement, nouvelle tentative dans 10 secondes
2025-09-26 12:22:41,829 - INFO - Fenêtre FiveM non trouvée, lancement...
2025-09-26 12:22:41,830 - INFO - Lancement de FiveM: fivem://connect/cfx.re/join/aaex7k
2025-09-26 12:22:41,966 - ERROR - Erreur lors du lancement via explorer: Command '['explorer', 'fivem://connect/cfx.re/join/aaex7k']' returned non-zero exit status 1.
2025-09-26 12:22:41,966 - ERROR - Échec du lancement, nouvelle tentative dans 10 secondes
2025-09-26 12:22:56,967 - INFO - Fenêtre FiveM non trouvée, lancement...
2025-09-26 12:22:56,968 - INFO - Lancement de FiveM: fivem://connect/cfx.re/join/aaex7k
2025-09-26 12:22:57,100 - ERROR - Erreur lors du lancement via explorer: Command '['explorer', 'fivem://connect/cfx.re/join/aaex7k']' returned non-zero exit status 1.
2025-09-26 12:22:57,100 - ERROR - Échec du lancement, nouvelle tentative dans 10 secondes
2025-09-26 12:23:12,102 - INFO - Fenêtre FiveM trouvée: FiveM® by Cfx.re - StoryLife V6 [PRIVÉ] - discord.gg/storylife
2025-09-26 12:23:15,226 - INFO - Arrêt demandé par l'utilisateur
2025-09-26 12:23:15,226 - INFO - === Arrêt du script ===
2025-09-26 12:24:00,205 - INFO - === Démarrage du script FiveM Auto ===
2025-09-26 12:24:00,208 - INFO - Fenêtre FiveM avec 'storylife' et 'fivem' non trouvée
2025-09-26 12:24:00,208 - INFO - Tentative de lancement de FiveM...
2025-09-26 12:24:00,208 - INFO - Lancement de FiveM: fivem://connect/cfx.re/join/aaex7k
2025-09-26 12:24:00,330 - INFO - Commande de lancement envoyée via explorer.exe
2025-09-26 12:24:00,330 - INFO - Attente du démarrage de FiveM...
2025-09-26 12:24:10,330 - INFO - Commande de lancement exécutée, attente de la fenêtre FiveM...
2025-09-26 12:24:10,331 - INFO - Le jeu devrait se lancer dans quelques secondes
2025-09-26 12:24:10,331 - INFO - Attente de 3 minutes après détection de la fenêtre avant d'envoyer les touches
2025-09-26 12:24:15,331 - INFO - Fenêtre FiveM avec 'storylife' et 'fivem' non trouvée
2025-09-26 12:24:15,332 - INFO - Tentative de lancement de FiveM...
2025-09-26 12:24:15,332 - INFO - Lancement de FiveM: fivem://connect/cfx.re/join/aaex7k
2025-09-26 12:24:15,466 - INFO - Commande de lancement envoyée via explorer.exe
2025-09-26 12:24:15,466 - INFO - Attente du démarrage de FiveM...
2025-09-26 12:24:25,466 - INFO - Commande de lancement exécutée, attente de la fenêtre FiveM...
2025-09-26 12:24:25,467 - INFO - Le jeu devrait se lancer dans quelques secondes
2025-09-26 12:24:25,467 - INFO - Attente de 3 minutes après détection de la fenêtre avant d'envoyer les touches
2025-09-26 12:24:30,467 - INFO - Fenêtre FiveM avec 'storylife' et 'fivem' non trouvée
2025-09-26 12:24:30,467 - INFO - Tentative de lancement de FiveM...
2025-09-26 12:24:30,468 - INFO - Lancement de FiveM: fivem://connect/cfx.re/join/aaex7k
2025-09-26 12:24:30,599 - INFO - Commande de lancement envoyée via explorer.exe
2025-09-26 12:24:30,599 - INFO - Attente du démarrage de FiveM...
2025-09-26 12:24:40,599 - INFO - Commande de lancement exécutée, attente de la fenêtre FiveM...
2025-09-26 12:24:40,600 - INFO - Le jeu devrait se lancer dans quelques secondes
2025-09-26 12:24:40,600 - INFO - Attente de 3 minutes après détection de la fenêtre avant d'envoyer les touches
2025-09-26 12:24:45,601 - INFO - Fenêtre FiveM avec 'storylife' et 'fivem' non trouvée
2025-09-26 12:24:45,601 - INFO - Tentative de lancement de FiveM...
2025-09-26 12:24:45,601 - INFO - Lancement de FiveM: fivem://connect/cfx.re/join/aaex7k
2025-09-26 12:24:45,736 - INFO - Commande de lancement envoyée via explorer.exe
2025-09-26 12:24:45,736 - INFO - Attente du démarrage de FiveM...
2025-09-26 12:24:55,737 - INFO - Commande de lancement exécutée, attente de la fenêtre FiveM...
2025-09-26 12:24:55,737 - INFO - Le jeu devrait se lancer dans quelques secondes
2025-09-26 12:24:55,737 - INFO - Attente de 3 minutes après détection de la fenêtre avant d'envoyer les touches
2025-09-26 12:25:00,738 - INFO - Fenêtre FiveM avec 'storylife' et 'fivem' non trouvée
2025-09-26 12:25:00,739 - INFO - Tentative de lancement de FiveM...
2025-09-26 12:25:00,739 - INFO - Lancement de FiveM: fivem://connect/cfx.re/join/aaex7k
2025-09-26 12:25:00,871 - INFO - Commande de lancement envoyée via explorer.exe
2025-09-26 12:25:00,871 - INFO - Attente du démarrage de FiveM...
2025-09-26 12:25:10,871 - INFO - Commande de lancement exécutée, attente de la fenêtre FiveM...
2025-09-26 12:25:10,871 - INFO - Le jeu devrait se lancer dans quelques secondes
2025-09-26 12:25:10,871 - INFO - Attente de 3 minutes après détection de la fenêtre avant d'envoyer les touches
2025-09-26 12:25:15,872 - INFO - Fenêtre FiveM avec 'storylife' et 'fivem' non trouvée
2025-09-26 12:25:15,873 - INFO - Tentative de lancement de FiveM...
2025-09-26 12:25:15,873 - INFO - Lancement de FiveM: fivem://connect/cfx.re/join/aaex7k
2025-09-26 12:25:16,004 - INFO - Commande de lancement envoyée via explorer.exe
2025-09-26 12:25:16,004 - INFO - Attente du démarrage de FiveM...
2025-09-26 12:25:26,004 - INFO - Commande de lancement exécutée, attente de la fenêtre FiveM...
2025-09-26 12:25:26,004 - INFO - Le jeu devrait se lancer dans quelques secondes
2025-09-26 12:25:26,005 - INFO - Attente de 3 minutes après détection de la fenêtre avant d'envoyer les touches
2025-09-26 12:25:31,006 - INFO - Fenêtre FiveM avec 'storylife' et 'fivem' non trouvée
2025-09-26 12:25:31,006 - INFO - Tentative de lancement de FiveM...
2025-09-26 12:25:31,006 - INFO - Lancement de FiveM: fivem://connect/cfx.re/join/aaex7k
2025-09-26 12:25:31,139 - INFO - Commande de lancement envoyée via explorer.exe
2025-09-26 12:25:31,140 - INFO - Attente du démarrage de FiveM...
2025-09-26 12:25:41,140 - INFO - Commande de lancement exécutée, attente de la fenêtre FiveM...
2025-09-26 12:25:41,140 - INFO - Le jeu devrait se lancer dans quelques secondes
2025-09-26 12:25:41,140 - INFO - Attente de 3 minutes après détection de la fenêtre avant d'envoyer les touches
2025-09-26 12:25:46,141 - INFO - Fenêtre FiveM avec 'storylife' et 'fivem' non trouvée
2025-09-26 12:25:46,142 - INFO - Tentative de lancement de FiveM...
2025-09-26 12:25:46,142 - INFO - Lancement de FiveM: fivem://connect/cfx.re/join/aaex7k
2025-09-26 12:25:46,275 - INFO - Commande de lancement envoyée via explorer.exe
2025-09-26 12:25:46,275 - INFO - Attente du démarrage de FiveM...
2025-09-26 12:25:56,276 - INFO - Commande de lancement exécutée, attente de la fenêtre FiveM...
2025-09-26 12:25:56,276 - INFO - Le jeu devrait se lancer dans quelques secondes
2025-09-26 12:25:56,276 - INFO - Attente de 3 minutes après détection de la fenêtre avant d'envoyer les touches
2025-09-26 12:26:01,277 - INFO - Fenêtre FiveM trouvée: FiveM® by Cfx.re - StoryLife V6 [PRIVÉ] - discord.gg/storylife
2025-09-26 12:26:01,278 - INFO - Attente de 175 secondes avant d'envoyer les touches...
2025-09-26 12:28:57,276 - INFO - Envoi de la séquence de touches...
2025-09-26 12:29:00,386 - INFO - Séquence de touches envoyée avec succès
2025-09-26 12:29:00,387 - INFO - Traitement terminé pour cette session
2025-09-26 12:29:05,388 - INFO - Fenêtre FiveM trouvée: FiveM® by Cfx.re - StoryLife V6 [PRIVÉ] - discord.gg/storylife
2025-09-26 12:29:10,389 - INFO - Fenêtre FiveM trouvée: FiveM® by Cfx.re - StoryLife V6 [PRIVÉ] - discord.gg/storylife
2025-09-26 12:29:15,390 - INFO - Fenêtre FiveM trouvée: FiveM® by Cfx.re - StoryLife V6 [PRIVÉ] - discord.gg/storylife
2025-09-26 12:29:16,271 - INFO - Arrêt demandé par l'utilisateur
2025-09-26 12:29:16,271 - INFO - === Arrêt du script ===
